<?xml version="1.0" encoding="UTF-8"?>
<testng-results ignored="0" total="2" passed="2" failed="0" skipped="0">
  <reporter-output>
  </reporter-output>
  <suite started-at="2021-03-19T15:42:28 IST" name="Suite" finished-at="2021-03-19T15:43:29 IST" duration-ms="61100">
    <groups>
    </groups>
    <test started-at="2021-03-19T15:42:28 IST" name="Test" finished-at="2021-03-19T15:43:29 IST" duration-ms="61100">
      <class name="TestPages.TestLogin">
        <test-method is-config="true" signature="start(java.lang.String)[pri:0, instance:TestPages.TestLogin@7a6d7e92]" started-at="2021-03-19T15:42:23 IST" name="start" finished-at="2021-03-19T15:42:28 IST" duration-ms="5005" status="PASS">
          <params>
            <param index="0">
              <value>
                <![CDATA[chrome]]>
              </value>
            </param>
          </params>
          <reporter-output>
          </reporter-output>
        </test-method> <!-- start -->
        <test-method is-config="true" signature="getdriver()[pri:0, instance:TestPages.TestLogin@7a6d7e92]" started-at="2021-03-19T15:42:28 IST" name="getdriver" finished-at="2021-03-19T15:42:28 IST" duration-ms="3" status="PASS">
          <reporter-output>
          </reporter-output>
        </test-method> <!-- getdriver -->
        <test-method is-config="true" signature="browserSetup()[pri:0, instance:TestPages.TestLogin@7a6d7e92]" started-at="2021-03-19T15:42:28 IST" name="browserSetup" finished-at="2021-03-19T15:42:28 IST" duration-ms="137" status="PASS">
          <reporter-output>
          </reporter-output>
        </test-method> <!-- browserSetup -->
        <test-method signature="Valid_And_Invalid_Login(java.util.Map)[pri:0, instance:TestPages.TestLogin@7a6d7e92]" started-at="2021-03-19T15:42:29 IST" name="Valid_And_Invalid_Login" data-provider="Madison" finished-at="2021-03-19T15:42:54 IST" duration-ms="24462" status="PASS">
          <params>
            <param index="0">
              <value>
                <![CDATA[{password=somo123, emailid=somo123@gmail.com}]]>
              </value>
            </param>
          </params>
          <reporter-output>
          </reporter-output>
        </test-method> <!-- Valid_And_Invalid_Login -->
        <test-method is-config="true" signature="takescreenshot(org.testng.ITestResult)[pri:0, instance:TestPages.TestLogin@7a6d7e92]" started-at="2021-03-19T15:42:57 IST" name="takescreenshot" finished-at="2021-03-19T15:43:01 IST" duration-ms="3994" status="PASS">
          <params>
            <param index="0">
              <value>
                <![CDATA[[TestResult name=Valid_And_Invalid_Login status=SUCCESS method=TestLogin.Valid_And_Invalid_Login(java.util.Map)[pri:0, instance:TestPages.TestLogin@7a6d7e92] output={null}]]]>
              </value>
            </param>
          </params>
          <reporter-output>
          </reporter-output>
        </test-method> <!-- takescreenshot -->
        <test-method signature="Valid_And_Invalid_Login(java.util.Map)[pri:0, instance:TestPages.TestLogin@7a6d7e92]" started-at="2021-03-19T15:43:01 IST" name="Valid_And_Invalid_Login" data-provider="Madison" finished-at="2021-03-19T15:43:20 IST" duration-ms="19107" status="PASS">
          <params>
            <param index="0">
              <value>
                <![CDATA[{password=somo123, emailid=somo12345@gmail.com}]]>
              </value>
            </param>
          </params>
          <reporter-output>
          </reporter-output>
        </test-method> <!-- Valid_And_Invalid_Login -->
        <test-method is-config="true" signature="takescreenshot(org.testng.ITestResult)[pri:0, instance:TestPages.TestLogin@7a6d7e92]" started-at="2021-03-19T15:43:25 IST" name="takescreenshot" finished-at="2021-03-19T15:43:29 IST" duration-ms="3937" status="PASS">
          <params>
            <param index="0">
              <value>
                <![CDATA[[TestResult name=Valid_And_Invalid_Login status=SUCCESS method=TestLogin.Valid_And_Invalid_Login(java.util.Map)[pri:0, instance:TestPages.TestLogin@7a6d7e92] output={null}]]]>
              </value>
            </param>
          </params>
          <reporter-output>
          </reporter-output>
        </test-method> <!-- takescreenshot -->
      </class> <!-- TestPages.TestLogin -->
    </test> <!-- Test -->
  </suite> <!-- Suite -->
</testng-results>
